<?xml version="1.0" encoding="UTF-8" ?>
<testsuite tests="1" failures="0" name="testrunner.TestRunner" time="4.633" errors="1" skipped="0">
  <properties>
[...]
</properties>
  <testcase classname="check for text functionnality" name="visit the website and checking for text" time="4.633">
    <error message="unknown error: net::ERR_NAME_NOT_RESOLVED
  (Session info: chrome=116.0.5845.141)
Build info: version: &apos;4.11.0&apos;, revision: &apos;040bc5406b&apos;
System info: os.name: &apos;Windows 10&apos;, os.arch: &apos;amd64&apos;, os.version: &apos;10.0&apos;, java.version: &apos;17.0.6&apos;
Driver info: org.openqa.selenium.chrome.ChromeDriver
Command: [31a25d10575fc58475a8db25057385fc, get {url=https://www.comar.tn}]
Capabilities {acceptInsecureCerts: false, browserName: chrome, browserVersion: 116.0.5845.141, chrome: {chromedriverVersion: 115.0.5790.170 (cc0d30c2ca5..., userDataDir: C:\Windows\SystemTemp\scope...}, goog:chromeOptions: {debuggerAddress: localhost:63502}, networkConnectionEnabled: false, pageLoadStrategy: normal, platformName: windows, proxy: Proxy(), se:cdp: ws://localhost:63502/devtoo..., se:cdpVersion: 116.0.5845.141, setWindowRect: true, strictFileInteractability: false, timeouts: {implicit: 0, pageLoad: 300000, script: 30000}, unhandledPromptBehavior: dismiss and notify, webauthn:extension:credBlob: true, webauthn:extension:largeBlob: true, webauthn:extension:minPinLength: true, webauthn:extension:prf: true, webauthn:virtualAuthenticators: true}
Session ID: 31a25d10575fc58475a8db25057385fc" type="org.openqa.selenium.WebDriverException">org.openqa.selenium.WebDriverException: unknown error: net::ERR_NAME_NOT_RESOLVED
  (Session info: chrome=116.0.5845.141)
Build info: version: &apos;4.11.0&apos;, revision: &apos;040bc5406b&apos;
System info: os.name: &apos;Windows 10&apos;, os.arch: &apos;amd64&apos;, os.version: &apos;10.0&apos;, java.version: &apos;17.0.6&apos;
Driver info: org.openqa.selenium.chrome.ChromeDriver
Command: [31a25d10575fc58475a8db25057385fc, get {url=https://www.comar.tn}]
Capabilities {acceptInsecureCerts: false, browserName: chrome, browserVersion: 116.0.5845.141, chrome: {chromedriverVersion: 115.0.5790.170 (cc0d30c2ca5..., userDataDir: C:\Windows\SystemTemp\scope...}, goog:chromeOptions: {debuggerAddress: localhost:63502}, networkConnectionEnabled: false, pageLoadStrategy: normal, platformName: windows, proxy: Proxy(), se:cdp: ws://localhost:63502/devtoo..., se:cdpVersion: 116.0.5845.141, setWindowRect: true, strictFileInteractability: false, timeouts: {implicit: 0, pageLoad: 300000, script: 30000}, unhandledPromptBehavior: dismiss and notify, webauthn:extension:credBlob: true, webauthn:extension:largeBlob: true, webauthn:extension:minPinLength: true, webauthn:extension:prf: true, webauthn:virtualAuthenticators: true}
Session ID: 31a25d10575fc58475a8db25057385fc
	at java.base/jdk.internal.reflect.NativeConstructorAccessorImpl.newInstance0(Native Method)
	at java.base/jdk.internal.reflect.NativeConstructorAccessorImpl.newInstance(NativeConstructorAccessorImpl.java:77)
	at java.base/jdk.internal.reflect.DelegatingConstructorAccessorImpl.newInstance(DelegatingConstructorAccessorImpl.java:45)
	at java.base/java.lang.reflect.Constructor.newInstanceWithCaller(Constructor.java:499)
	at java.base/java.lang.reflect.Constructor.newInstance(Constructor.java:480)
	at org.openqa.selenium.remote.codec.w3c.W3CHttpResponseCodec.createException(W3CHttpResponseCodec.java:200)
	at org.openqa.selenium.remote.codec.w3c.W3CHttpResponseCodec.decode(W3CHttpResponseCodec.java:133)
	at org.openqa.selenium.remote.codec.w3c.W3CHttpResponseCodec.decode(W3CHttpResponseCodec.java:52)
	at org.openqa.selenium.remote.HttpCommandExecutor.execute(HttpCommandExecutor.java:191)
	at org.openqa.selenium.remote.service.DriverCommandExecutor.invokeExecute(DriverCommandExecutor.java:196)
	at org.openqa.selenium.remote.service.DriverCommandExecutor.execute(DriverCommandExecutor.java:171)
	at org.openqa.selenium.remote.RemoteWebDriver.execute(RemoteWebDriver.java:518)
	at org.openqa.selenium.remote.RemoteWebDriver.get(RemoteWebDriver.java:300)
	at stepdefinitions.SearchSteps.visit_the_website(SearchSteps.java:37)
	at ✽.visit the website &quot;https://www.comar.tn&quot;(file:///C:/Users/Lenovo/eclipse-workspace/miniproject%20-%20cucumber/src/test/resources/features/Search.feature:4)
</error>
    <system-out>
Scenario: visit the website and checking for text                                                 &amp;#27;[90m# src/test/resources/features/Search.feature:3&amp;#27;[0m
  &amp;#27;[31mGiven &amp;#27;[0m&amp;#27;[31mvisit the website &amp;#27;[0m&amp;#27;[31m&amp;#27;[1m&quot;https://www.comar.tn&quot;&amp;#27;[0m                                                  &amp;#27;[90m# stepdefinitions.SearchSteps.visit_the_website(java.lang.String)&amp;#27;[0m
      &amp;#27;[31morg.openqa.selenium.WebDriverException: unknown error: net::ERR_NAME_NOT_RESOLVED
  (Session info: chrome=116.0.5845.141)
Build info: version: &apos;4.11.0&apos;, revision: &apos;040bc5406b&apos;
System info: os.name: &apos;Windows 10&apos;, os.arch: &apos;amd64&apos;, os.version: &apos;10.0&apos;, java.version: &apos;17.0.6&apos;
Driver info: org.openqa.selenium.chrome.ChromeDriver
Command: [31a25d10575fc58475a8db25057385fc, get {url=https://www.comar.tn}]
Capabilities {acceptInsecureCerts: false, browserName: chrome, browserVersion: 116.0.5845.141, chrome: {chromedriverVersion: 115.0.5790.170 (cc0d30c2ca5..., userDataDir: C:\Windows\SystemTemp\scope...}, goog:chromeOptions: {debuggerAddress: localhost:63502}, networkConnectionEnabled: false, pageLoadStrategy: normal, platformName: windows, proxy: Proxy(), se:cdp: ws://localhost:63502/devtoo..., se:cdpVersion: 116.0.5845.141, setWindowRect: true, strictFileInteractability: false, timeouts: {implicit: 0, pageLoad: 300000, script: 30000}, unhandledPromptBehavior: dismiss and notify, webauthn:extension:credBlob: true, webauthn:extension:largeBlob: true, webauthn:extension:minPinLength: true, webauthn:extension:prf: true, webauthn:virtualAuthenticators: true}
Session ID: 31a25d10575fc58475a8db25057385fc
	at java.base/jdk.internal.reflect.NativeConstructorAccessorImpl.newInstance0(Native Method)
	at java.base/jdk.internal.reflect.NativeConstructorAccessorImpl.newInstance(NativeConstructorAccessorImpl.java:77)
	at java.base/jdk.internal.reflect.DelegatingConstructorAccessorImpl.newInstance(DelegatingConstructorAccessorImpl.java:45)
	at java.base/java.lang.reflect.Constructor.newInstanceWithCaller(Constructor.java:499)
	at java.base/java.lang.reflect.Constructor.newInstance(Constructor.java:480)
	at org.openqa.selenium.remote.codec.w3c.W3CHttpResponseCodec.createException(W3CHttpResponseCodec.java:200)
	at org.openqa.selenium.remote.codec.w3c.W3CHttpResponseCodec.decode(W3CHttpResponseCodec.java:133)
	at org.openqa.selenium.remote.codec.w3c.W3CHttpResponseCodec.decode(W3CHttpResponseCodec.java:52)
	at org.openqa.selenium.remote.HttpCommandExecutor.execute(HttpCommandExecutor.java:191)
	at org.openqa.selenium.remote.service.DriverCommandExecutor.invokeExecute(DriverCommandExecutor.java:196)
	at org.openqa.selenium.remote.service.DriverCommandExecutor.execute(DriverCommandExecutor.java:171)
	at org.openqa.selenium.remote.RemoteWebDriver.execute(RemoteWebDriver.java:518)
	at org.openqa.selenium.remote.RemoteWebDriver.get(RemoteWebDriver.java:300)
	at stepdefinitions.SearchSteps.visit_the_website(SearchSteps.java:37)
	at âœ½.visit the website &quot;https://www.comar.tn&quot;(file:///C:/Users/Lenovo/eclipse-workspace/miniproject%20-%20cucumber/src/test/resources/features/Search.feature:4)
&amp;#27;[0m
  &amp;#27;[36mWhen &amp;#27;[0m&amp;#27;[36mclick on &amp;#27;[0m&amp;#27;[36m&amp;#27;[1m&quot;ActualitÃ©s&quot;&amp;#27;[0m                                                                      &amp;#27;[90m# stepdefinitions.SearchSteps.click_on(java.lang.String)&amp;#27;[0m
  &amp;#27;[36mThen &amp;#27;[0m&amp;#27;[36mcheck if the word &amp;#27;[0m&amp;#27;[36m&amp;#27;[1m&quot;ACTUALITÃ‰S&quot;&amp;#27;[0m&amp;#27;[36m is vivisible&amp;#27;[0m                                                &amp;#27;[90m# stepdefinitions.SearchSteps.check_if_the_word_is_vivisible(java.lang.String)&amp;#27;[0m
  &amp;#27;[36mWhen &amp;#27;[0m&amp;#27;[36mwrite &amp;#27;[0m&amp;#27;[36m&amp;#27;[1m&quot;COMAR Assurances partenaire&quot;&amp;#27;[0m&amp;#27;[36m in the input&amp;#27;[0m                                           &amp;#27;[90m# stepdefinitions.SearchSteps.write_in_the_input(java.lang.String)&amp;#27;[0m
  &amp;#27;[36mAnd &amp;#27;[0m&amp;#27;[36mclick on the button of research&amp;#27;[0m                                                             &amp;#27;[90m# stepdefinitions.SearchSteps.click_on_the_button_of_research()&amp;#27;[0m
  &amp;#27;[36mThen &amp;#27;[0m&amp;#27;[36mcheck if this text &amp;#27;[0m&amp;#27;[36m&amp;#27;[1m&quot;COMAR Assurances partenaire du Semi-Marathon Ulysse Djerba&quot;&amp;#27;[0m&amp;#27;[36m is visible&amp;#27;[0m &amp;#27;[90m# stepdefinitions.SearchSteps.check_if_this_text_is_visible(java.lang.String)&amp;#27;[0m
</system-out>
    <system-err>sept. 02, 2023 9:24:34 AM org.openqa.selenium.devtools.CdpVersionFinder findNearestMatch
WARNING: Unable to find an exact match for CDP version 116, so returning the closest version found: 115
</system-err>
  </testcase>
</testsuite>